<?xml version="1.0" encoding="UTF-8"?>
<!-- Generated by org.testng.reporters.JUnitXMLReporter -->
<testsuite ignored="10" hostname="DESKTOP-DIA066U" failures="0" tests="17" name="Test" time="186.492" errors="0" timestamp="2022-03-16T16:50:39 EET">
  <testcase classname="tests.MyCreateTest" name="sign" time="6.899"/>
  <testcase classname="tests.MyCreateTest" name="create" time="2.735"/>
  <testcase classname="tests.MyCreateTest" name="createprocess" time="10.508"/>
  <testcase classname="tests.LoginCase" name="sign" time="4.418"/>
  <testcase classname="tests.LoginCase" name="login" time="9.065"/>
  <testcase classname="tests.LoginCase" name="login" time="10.709"/>
  <testcase classname="tests.LoginCase" name="login" time="7.599"/>
  <testcase classname="tests.SearchCase" name="search" time="3.757"/>
  <testcase classname="tests.PageProductCase" name="search" time="10.306"/>
  <testcase classname="tests.ContactCase" name="clicktocontact" time="3.569"/>
  <testcase classname="tests.CartCase" name="search" time="6.633"/>
  <testcase classname="tests.CartCase" name="continueshopping" time="2.035"/>
  <testcase classname="tests.CartCase" name="login" time="5.175"/>
  <testcase classname="tests.CartCase" name="Adress" time="5.205"/>
  <testcase classname="tests.CartCase" name="shipping" time="4.944"/>
  <testcase classname="tests.CartCase" name="payment" time="4.865"/>
  <testcase classname="tests.CartCase" name="confirmorder" time="4.111"/>
  <testcase classname="tests.Base" name="@BeforeTest setup" time="0.0">
    <ignored/>
  </testcase> <!-- @BeforeTest setup -->
  <testcase classname="tests.Base" name="@BeforeTest setup" time="0.0">
    <ignored/>
  </testcase> <!-- @BeforeTest setup -->
  <testcase classname="tests.Base" name="@BeforeTest setup" time="0.0">
    <ignored/>
  </testcase> <!-- @BeforeTest setup -->
  <testcase classname="tests.Base" name="@BeforeTest setup" time="0.0">
    <ignored/>
  </testcase> <!-- @BeforeTest setup -->
  <testcase classname="tests.Base" name="@BeforeTest setup" time="0.0">
    <ignored/>
  </testcase> <!-- @BeforeTest setup -->
  <testcase classname="tests.Base" name="@AfterSuite close" time="0.0">
    <ignored/>
  </testcase> <!-- @AfterSuite close -->
  <testcase classname="tests.Base" name="@AfterSuite close" time="0.0">
    <ignored/>
  </testcase> <!-- @AfterSuite close -->
  <testcase classname="tests.Base" name="@AfterSuite close" time="0.0">
    <ignored/>
  </testcase> <!-- @AfterSuite close -->
  <testcase classname="tests.Base" name="@AfterSuite close" time="0.0">
    <ignored/>
  </testcase> <!-- @AfterSuite close -->
  <testcase classname="tests.Base" name="@AfterSuite close" time="0.0">
    <ignored/>
  </testcase> <!-- @AfterSuite close -->
</testsuite> <!-- Test -->
